<?xml version="1.0" encoding="UTF-8"?>
<!-- Generated by org.testng.reporters.JUnitReportReporter -->
<testsuite hostname="DESKTOP-T0IA6N3" failures="0" tests="10" name="TestSuitTestCases.ShorteningValueTest" time="0.034" errors="0" timestamp="2023-04-24T19:35:38 EEST" skipped="0">
  <testcase classname="TestSuitTestCases.ShorteningValueTest" name="f" time="0.002"/>
  <system-out/>
  <testcase classname="TestSuitTestCases.ShorteningValueTest" name="f" time="0.007"/>
  <system-out/>
  <testcase classname="TestSuitTestCases.ShorteningValueTest" name="f" time="0.003"/>
  <system-out/>
  <testcase classname="TestSuitTestCases.ShorteningValueTest" name="f" time="0.003"/>
  <system-out/>
  <testcase classname="TestSuitTestCases.ShorteningValueTest" name="f" time="0.002"/>
  <system-out/>
  <testcase classname="TestSuitTestCases.ShorteningValueTest" name="f" time="0.003"/>
  <system-out/>
  <testcase classname="TestSuitTestCases.ShorteningValueTest" name="f" time="0.001"/>
  <system-out/>
  <testcase classname="TestSuitTestCases.ShorteningValueTest" name="f" time="0.002"/>
  <system-out/>
  <testcase classname="TestSuitTestCases.ShorteningValueTest" name="f" time="0.010"/>
  <system-out/>
  <testcase classname="TestSuitTestCases.ShorteningValueTest" name="f" time="0.001"/>
  <system-out/>
</testsuite> <!-- TestSuitTestCases.ShorteningValueTest -->
